2025-07-05 18:29:45,115 - INFO - === ц│Хх╛ЛцЦЗцЬмцибхЮЛшонч╗Гх╝АхзЛ ===
2025-07-05 18:29:45,116 - INFO - ф╜┐чФишо╛хдЗ: cpu
2025-07-05 18:29:45,116 - INFO - цнгхЬихКаш╜╜щвДшонч╗ГцибхЮЛ: bert-base-chinese
2025-07-05 18:29:45,118 - INFO - х░ЭшпХф╗ОцЬмхЬ░хКаш╜╜щвДшонч╗ГцибхЮЛ...
2025-07-05 18:29:45,761 - INFO - цИРхКЯф╗ОцЬмхЬ░хКаш╜╜щвДшонч╗ГцибхЮЛ
2025-07-05 18:29:45,762 - INFO - цибхЮЛхКаш╜╜хоМцИР
2025-07-05 18:29:45,762 - INFO - цнгхЬихКаш╜╜цХ░цНощЫЖ...
2025-07-05 18:29:45,772 - INFO - цИРхКЯхКаш╜╜ 70 цЭбц│Хх╛ЛцЦЗцЬм
2025-07-05 18:29:45,772 - INFO - х╝АхзЛщЕНч╜ошонч╗ГхПВцХ░...
2025-07-05 18:29:45,779 - INFO - цнгхЬихИЭхзЛхМЦшонч╗ГхЩи...
2025-07-05 18:30:47,045 - INFO - х╝АхзЛшонч╗Г - хЕ▒ 3 ф╕к Epochs
2025-07-05 18:35:06,841 - INFO - щкМшпБщЫЖшпДф╝░ч╗УцЮЬ: {'eval_loss': 2.715055227279663, 'eval_accuracy': 0.0, 'eval_f1': 0.0, 'eval_precision': 0.0, 'eval_recall': 0.0, 'eval_runtime': 4.2002, 'eval_samples_per_second': 3.333, 'eval_steps_per_second': 0.476, 'epoch': 3.0}
2025-07-05 18:35:06,844 - INFO - шонч╗ГхоМцИРя╝Б
2025-07-05 18:35:06,861 - INFO - цнгхЬиф┐ЭхнШцибхЮЛ...
2025-07-05 18:35:07,110 - INFO - цибхЮЛх╖▓ф┐ЭхнШшЗ│: D:\zc\AIGC_Programme\Law-Train\model\trained_model
2025-07-05 18:35:07,111 - INFO - === шонч╗Гц╡БчиЛх╖▓хоМцИР ===
2025-07-06 16:54:57,479 - INFO - Anonymized telemetry enabled. See                     https://docs.trychroma.com/telemetry for more information.
2025-07-06 16:54:57,844 - INFO - цнгхЬихКаш╜╜щвДшонч╗ГцибхЮЛ: bert-base-chinese
2025-07-06 16:54:57,846 - INFO - х░ЭшпХф╗ОцЬмхЬ░хКаш╜╜щвДшонч╗ГцибхЮЛ...
2025-07-06 16:54:58,869 - INFO - цИРхКЯф╗ОцЬмхЬ░хКаш╜╜щвДшонч╗ГцибхЮЛ
2025-07-06 16:54:58,870 - INFO - цибхЮЛхКаш╜╜хоМцИР
2025-07-06 16:54:58,908 - INFO - [31m[1mWARNING: This is a development server. Do not use it in a production deployment. Use a production WSGI server instead.[0m
 * Running on http://127.0.0.1:5000
2025-07-06 16:54:58,909 - INFO - [33mPress CTRL+C to quit[0m
2025-07-06 16:54:58,912 - INFO -  * Restarting with stat
2025-07-06 16:55:17,806 - INFO - Anonymized telemetry enabled. See                     https://docs.trychroma.com/telemetry for more information.
2025-07-06 16:55:18,184 - INFO - цнгхЬихКаш╜╜щвДшонч╗ГцибхЮЛ: bert-base-chinese
2025-07-06 16:55:18,185 - INFO - х░ЭшпХф╗ОцЬмхЬ░хКаш╜╜щвДшонч╗ГцибхЮЛ...
2025-07-06 16:55:19,321 - INFO - цИРхКЯф╗ОцЬмхЬ░хКаш╜╜щвДшонч╗ГцибхЮЛ
2025-07-06 16:55:19,322 - INFO - цибхЮЛхКаш╜╜хоМцИР
2025-07-06 16:55:19,352 - WARNING -  * Debugger is active!
2025-07-06 16:55:19,400 - INFO -  * Debugger PIN: 920-124-228
2025-07-06 16:55:27,757 - INFO - 127.0.0.1 - - [06/Jul/2025 16:55:27] "GET / HTTP/1.1" 200 -
2025-07-06 16:55:27,847 - INFO - 127.0.0.1 - - [06/Jul/2025 16:55:27] "GET /styles.css HTTP/1.1" 200 -
2025-07-06 16:55:27,850 - INFO - 127.0.0.1 - - [06/Jul/2025 16:55:27] "GET /script.js HTTP/1.1" 200 -
2025-07-06 16:55:28,555 - INFO - 127.0.0.1 - - [06/Jul/2025 16:55:28] "GET /ц│Хх╛ЛцП┤хКй.png HTTP/1.1" 200 -
2025-07-06 16:56:10,749 - DEBUG - Building prefix dict from the default dictionary ...
2025-07-06 16:56:12,397 - DEBUG - Dumping model to file cache C:\Users\lenovo\AppData\Local\Temp\jieba.cache
2025-07-06 16:56:12,548 - DEBUG - Loading model cost 1.798 seconds.
2025-07-06 16:56:12,549 - DEBUG - Prefix dict has been built successfully.
2025-07-06 16:56:47,856 - INFO - 127.0.0.1 - - [06/Jul/2025 16:56:47] "POST /analyze HTTP/1.1" 200 -
